<?xml version="1.0" encoding="UTF-8"?>
<testsuites name="jest tests" tests="8" failures="0" time="6.521">
  <testsuite name="icon" errors="0" failures="0" skipped="0" timestamp="2019-05-04T09:23:57" time="4.055" tests="2">
    <testcase classname="icon render successfully" name="icon render successfully" time="0.018">
    </testcase>
    <testcase classname="icon onClick" name="icon onClick" time="0.057">
    </testcase>
  </testsuite>
  <testsuite name="classes" errors="0" failures="0" skipped="0" timestamp="2019-05-04T09:24:01" time="0.313" tests="4">
    <testcase classname="classes 接受1个className" name="classes 接受1个className" time="0.003">
    </testcase>
    <testcase classname="classes 接受2个className" name="classes 接受2个className" time="0.001">
    </testcase>
    <testcase classname="classes 接受1个undefined" name="classes 接受1个undefined" time="0">
    </testcase>
    <testcase classname="classes 没有任何一个参数" name="classes 没有任何一个参数" time="0">
    </testcase>
  </testsuite>
  <testsuite name="button" errors="0" failures="0" skipped="0" timestamp="2019-05-04T09:24:01" time="0.351" tests="1">
    <testcase classname="button 是个 div" name="button 是个 div" time="0.006">
    </testcase>
  </testsuite>
  <testsuite name="我的第一个测试用例" errors="0" failures="0" skipped="0" timestamp="2019-05-04T09:24:02" time="0.26" tests="1">
    <testcase classname="我的第一个测试用例 add(1,2) 等于3" name="我的第一个测试用例 add(1,2) 等于3" time="0.002">
    </testcase>
  </testsuite>
</testsuites>